{
  "RSpec": {
    "coverage": {
      "/Users/sachin/Data/elearnio/elearnio-rest-app/app/controllers/api/v1/courses_controller.rb": {
        "lines": [
          1,
          1,
          null,
          1,
          3,
          null,
          3,
          3,
          null,
          3,
          null,
          null,
          1,
          1,
          null,
          null,
          1,
          3,
          null,
          3,
          1,
          null,
          2,
          null,
          null,
          null,
          1,
          3,
          1,
          null,
          2,
          null,
          null,
          null,
          1,
          1,
          1,
          null,
          0,
          null,
          null,
          null,
          1,
          null,
          1,
          11,
          null,
          11,
          null,
          null,
          1,
          10,
          null,
          null
        ]
      },
      "/Users/sachin/Data/elearnio/elearnio-rest-app/app/controllers/api/v1/base_controller.rb": {
        "lines": [
          1,
          1,
          null,
          1,
          null,
          1,
          null,
          null,
          null,
          null,
          null,
          1,
          42,
          null,
          null,
          1,
          70,
          null,
          null
        ]
      },
      "/Users/sachin/Data/elearnio/elearnio-rest-app/app/controllers/application_controller.rb": {
        "lines": [
          1,
          null
        ]
      },
      "/Users/sachin/Data/elearnio/elearnio-rest-app/app/models/course.rb": {
        "lines": [
          null,
          null,
          null,
          null,
          null,
          null,
          null,
          null,
          null,
          null,
          null,
          null,
          null,
          null,
          null,
          null,
          null,
          null,
          null,
          null,
          null,
          null,
          null,
          1,
          null,
          1,
          null,
          null,
          1,
          null,
          1,
          1,
          1,
          null,
          1,
          1,
          null,
          null,
          1,
          1,
          null,
          null,
          2,
          null
        ]
      },
      "/Users/sachin/Data/elearnio/elearnio-rest-app/app/models/application_record.rb": {
        "lines": [
          1,
          1,
          null
        ]
      },
      "/Users/sachin/Data/elearnio/elearnio-rest-app/app/controllers/api/v1/learning_paths_controller.rb": {
        "lines": [
          1,
          1,
          1,
          null,
          1,
          3,
          null,
          3,
          3,
          null,
          3,
          null,
          null,
          null,
          null,
          1,
          1,
          null,
          null,
          1,
          3,
          null,
          3,
          1,
          null,
          2,
          null,
          null,
          null,
          1,
          3,
          1,
          null,
          2,
          null,
          null,
          null,
          1,
          1,
          1,
          null,
          0,
          null,
          null,
          null,
          1,
          1,
          1,
          null,
          1,
          1,
          null,
          0,
          null,
          null,
          null,
          1,
          1,
          null,
          1,
          1,
          null,
          0,
          null,
          null,
          null,
          1,
          2,
          2,
          null,
          0,
          null,
          null,
          null,
          1,
          2,
          2,
          null,
          0,
          null,
          null,
          null,
          1,
          3,
          3,
          null,
          0,
          null,
          null,
          null,
          1,
          null,
          1,
          36,
          null,
          36,
          null,
          null,
          1,
          13,
          null,
          6,
          null,
          13,
          null,
          null,
          1,
          10,
          null,
          null,
          null,
          null,
          null,
          1,
          1,
          null,
          null,
          1,
          null,
          6,
          null,
          null,
          null,
          null,
          null,
          null,
          null,
          null,
          null,
          null
        ]
      },
      "/Users/sachin/Data/elearnio/elearnio-rest-app/app/models/learning_path.rb": {
        "lines": [
          null,
          null,
          null,
          null,
          null,
          null,
          null,
          null,
          null,
          null,
          null,
          null,
          null,
          null,
          null,
          null,
          null,
          null,
          null,
          null,
          null,
          null,
          null,
          null,
          1,
          null,
          null,
          1,
          null,
          null,
          1,
          null,
          295,
          1,
          null,
          1,
          null,
          null,
          1,
          1,
          null,
          null,
          null,
          null,
          null,
          1,
          8,
          null,
          null,
          6,
          3,
          null,
          null,
          1,
          null,
          null,
          null,
          null,
          1,
          90,
          null,
          null,
          1,
          85,
          null,
          null,
          1,
          6,
          null,
          6,
          null,
          null,
          null,
          null,
          1,
          null,
          1,
          125,
          null,
          2,
          1,
          null,
          null,
          null,
          1,
          81,
          66,
          null,
          19,
          null,
          null
        ]
      },
      "/Users/sachin/Data/elearnio/elearnio-rest-app/app/models/concerns/progress_status_actionable.rb": {
        "lines": [
          1,
          1,
          null,
          null,
          null,
          1,
          null,
          null,
          null,
          null,
          null,
          1,
          null,
          1,
          7,
          null,
          null,
          1,
          null,
          1,
          7,
          null,
          null,
          1,
          null,
          1,
          13,
          null,
          null,
          1,
          null
        ]
      },
      "/Users/sachin/Data/elearnio/elearnio-rest-app/app/controllers/api/v1/talents_courses_controller.rb": {
        "lines": [
          1,
          1,
          null,
          1,
          3,
          null,
          3,
          3,
          null,
          3,
          null,
          null,
          null,
          null,
          1,
          3,
          null,
          3,
          1,
          null,
          2,
          null,
          null,
          null,
          1,
          2,
          2,
          null,
          0,
          null,
          null,
          null,
          1,
          2,
          2,
          null,
          0,
          null,
          null,
          null,
          1,
          2,
          2,
          null,
          0,
          null,
          null,
          null,
          1,
          1,
          1,
          null,
          0,
          null,
          null,
          null,
          1,
          null,
          1,
          23,
          null,
          23,
          null,
          null,
          1,
          5,
          null,
          null
        ]
      },
      "/Users/sachin/Data/elearnio/elearnio-rest-app/app/models/talents_course.rb": {
        "lines": [
          null,
          null,
          null,
          null,
          null,
          null,
          null,
          null,
          null,
          null,
          null,
          null,
          null,
          null,
          null,
          null,
          null,
          null,
          null,
          null,
          null,
          null,
          null,
          null,
          null,
          1,
          null,
          null,
          1,
          null,
          null,
          1,
          1,
          null,
          null,
          1,
          1,
          null
        ]
      },
      "/Users/sachin/Data/elearnio/elearnio-rest-app/app/controllers/api/v1/users_controller.rb": {
        "lines": [
          1,
          1,
          null,
          null,
          null,
          null,
          1,
          1,
          null,
          1,
          null,
          null,
          1,
          1,
          null,
          null,
          1,
          3,
          null,
          3,
          1,
          null,
          2,
          null,
          null,
          null,
          1,
          3,
          1,
          null,
          2,
          null,
          null,
          null,
          1,
          1,
          1,
          null,
          1,
          1,
          null,
          0,
          null,
          null,
          null,
          1,
          1,
          null,
          null,
          null,
          null,
          null,
          null,
          null,
          null,
          null,
          null,
          null,
          null,
          null,
          1,
          1,
          null,
          null,
          null,
          null,
          null,
          null,
          null,
          1,
          1,
          null,
          null,
          1,
          null,
          1,
          20,
          null,
          20,
          null,
          null,
          1,
          10,
          null,
          null
        ]
      },
      "/Users/sachin/Data/elearnio/elearnio-rest-app/app/models/user.rb": {
        "lines": [
          null,
          null,
          null,
          null,
          null,
          null,
          null,
          null,
          null,
          null,
          null,
          null,
          1,
          null,
          null,
          1,
          1,
          null,
          null,
          1,
          6,
          null,
          null,
          1,
          8,
          null,
          null
        ]
      },
      "/Users/sachin/Data/elearnio/elearnio-rest-app/app/models/author.rb": {
        "lines": [
          null,
          null,
          null,
          null,
          null,
          null,
          null,
          null,
          null,
          null,
          null,
          null,
          1,
          null,
          null,
          1,
          null,
          null,
          1,
          null,
          null,
          1,
          1,
          null,
          null,
          1,
          null,
          null,
          null,
          1,
          9,
          null,
          null,
          null,
          1,
          null,
          1,
          7,
          null,
          5,
          5,
          null,
          2,
          null,
          null
        ]
      },
      "/Users/sachin/Data/elearnio/elearnio-rest-app/app/models/learning_paths_course.rb": {
        "lines": [
          null,
          null,
          null,
          null,
          null,
          null,
          null,
          null,
          null,
          null,
          null,
          null,
          null,
          null,
          null,
          null,
          null,
          null,
          null,
          null,
          null,
          null,
          1,
          null,
          null,
          1,
          null,
          null,
          1,
          1,
          1,
          null,
          null,
          1,
          null,
          null,
          1,
          null,
          null,
          null,
          null,
          null,
          1,
          25,
          null,
          null,
          null,
          null,
          1,
          9,
          null,
          null,
          null,
          null,
          1,
          null,
          1,
          79,
          null,
          null,
          7,
          null,
          null,
          5,
          null,
          null,
          null
        ]
      },
      "/Users/sachin/Data/elearnio/elearnio-rest-app/app/models/talent.rb": {
        "lines": [
          null,
          null,
          null,
          null,
          null,
          null,
          null,
          null,
          null,
          null,
          null,
          null,
          1,
          null,
          null,
          1,
          1,
          null,
          1,
          1,
          null
        ]
      },
      "/Users/sachin/Data/elearnio/elearnio-rest-app/app/services/learning_path_service.rb": {
        "lines": [
          null,
          null,
          1,
          null,
          null,
          null,
          1,
          3,
          null,
          2,
          4,
          null,
          4,
          0,
          null,
          null,
          null,
          2,
          null,
          null,
          null,
          null,
          1,
          4,
          3,
          null,
          3,
          3,
          0,
          null,
          null,
          null,
          null,
          null,
          null,
          3,
          null,
          null,
          null,
          null,
          1,
          7,
          null,
          7,
          null,
          5,
          null,
          null
        ]
      }
    },
    "timestamp": 1694359964
  }
}
